Build started 23/01/2018 17:54:39.
Project "K:\Sandbox\DDOCP\XmlLib\Src\XmlLib.vcxproj" on node 2 (build target(s)).
InitializeBuildStatus:
  Creating ".\Debug\XmlLib.unsuccessfulbuild" because "AlwaysCreate" was specified.
ClCompile:
  All outputs are up-to-date.
  C:\Program Files (x86)\Microsoft Visual Studio 10.0\VC\bin\CL.exe /c /Zi /nologo /W3 /WX- /Od /Oy- /D _DEBUG /D WIN32 /D _LIB /D XMLLIB_EXPORTS /D _VC80_UPGRADE=0x0600 /D _MBCS /Gm /EHsc /RTC1 /MDd /GS /Gy- /fp:precise /Zc:wchar_t /Zc:forScope /GR /Yu"stdafx.h" /Fp".\Debug\XmlLib.pch" /Fo".\Debug\\" /Fd".\Debug\vc100.pdb" /Gd /TP /analyze- /errorReport:prompt SaxWriter.cpp
  SaxWriter.cpp
Lib:
  C:\Program Files (x86)\Microsoft Visual Studio 10.0\VC\bin\Lib.exe /OUT:"K:\Sandbox\DDOCP\Output\XmlLibD.lib" /NOLOGO .\Debug\SaxAttributes.obj
  .\Debug\SaxAttributesImpl.obj
  .\Debug\SaxContentElement.obj
  .\Debug\SAXContentHandlerImpl.obj
  .\Debug\SAXDTDHandlerImpl.obj
  .\Debug\SAXErrorHandlerImpl.obj
  .\Debug\SaxReader.obj
  .\Debug\SaxString.obj
  .\Debug\SaxWriter.obj
  .\Debug\StdAfx.obj
  .\Debug\VectorConversion.obj
  XmlLib.vcxproj -> K:\Sandbox\DDOCP\Output\XmlLibD.lib
FinalizeBuildStatus:
  Deleting file ".\Debug\XmlLib.unsuccessfulbuild".
  Touching ".\Debug\XmlLib.lastbuildstate".
Done Building Project "K:\Sandbox\DDOCP\XmlLib\Src\XmlLib.vcxproj" (build target(s)).

Build succeeded.

Time Elapsed 00:00:01.52
