K:\SANDBOX\DDOCP\OUTPUT\XMLLIBD.LIB
K:\Sandbox\DDOCP\XmlLib\Src\Debug\cl.command.1.tlog
K:\Sandbox\DDOCP\XmlLib\Src\Debug\CL.read.1.tlog
K:\Sandbox\DDOCP\XmlLib\Src\Debug\CL.write.1.tlog
K:\Sandbox\DDOCP\XmlLib\Src\Debug\lib.command.1.tlog
K:\Sandbox\DDOCP\XmlLib\Src\Debug\Lib-link.read.1.tlog
K:\Sandbox\DDOCP\XmlLib\Src\Debug\Lib-link.write.1.tlog
K:\Sandbox\DDOCP\XmlLib\Src\Debug\msxml3.tlh
K:\Sandbox\DDOCP\XmlLib\Src\Debug\msxml3.tli
K:\SANDBOX\DDOCP\XMLLIB\SRC\DEBUG\SAXATTRIBUTES.OBJ
K:\SANDBOX\DDOCP\XMLLIB\SRC\DEBUG\SAXATTRIBUTESIMPL.OBJ
K:\SANDBOX\DDOCP\XMLLIB\SRC\DEBUG\SAXCONTENTELEMENT.OBJ
K:\SANDBOX\DDOCP\XMLLIB\SRC\DEBUG\SAXCONTENTHANDLERIMPL.OBJ
K:\SANDBOX\DDOCP\XMLLIB\SRC\DEBUG\SAXDTDHANDLERIMPL.OBJ
K:\SANDBOX\DDOCP\XMLLIB\SRC\DEBUG\SAXERRORHANDLERIMPL.OBJ
K:\SANDBOX\DDOCP\XMLLIB\SRC\DEBUG\SAXREADER.OBJ
K:\SANDBOX\DDOCP\XMLLIB\SRC\DEBUG\SAXSTRING.OBJ
K:\SANDBOX\DDOCP\XMLLIB\SRC\DEBUG\SAXWRITER.OBJ
K:\SANDBOX\DDOCP\XMLLIB\SRC\DEBUG\STDAFX.OBJ
K:\Sandbox\DDOCP\XmlLib\Src\Debug\vc100.idb
K:\SANDBOX\DDOCP\XMLLIB\SRC\DEBUG\VC100.PDB
K:\SANDBOX\DDOCP\XMLLIB\SRC\DEBUG\VECTORCONVERSION.OBJ
K:\SANDBOX\DDOCP\XMLLIB\SRC\DEBUG\XMLLIB.PCH
K:\Sandbox\DDOCP\XmlLib\Src\Debug\XmlLib.write.1.tlog
