Build started 23/04/2019 15:58:31.
Project "K:\Sandbox\DDOCP\XmlLib\Src\XmlLib.vcxproj" on node 2 (build target(s)).
InitializeBuildStatus:
  Creating ".\Release\XmlLib.unsuccessfulbuild" because "AlwaysCreate" was specified.
ClCompile:
  All outputs are up-to-date.
  C:\Program Files (x86)\Microsoft Visual Studio 10.0\VC\bin\CL.exe /c /Zi /nologo /W3 /WX- /O2 /Ob1 /Oy- /D NDEBUG /D WIN32 /D _LIB /D XMLLIB_EXPORTS /D _VC80_UPGRADE=0x0600 /D _MBCS /GF /Gm- /EHsc /MD /GS /Gy /fp:precise /Zc:wchar_t /Zc:forScope /GR /Yu"stdafx.h" /Fp".\Release\XmlLib.pch" /Fo".\Release\\" /Fd".\Release\vc100.pdb" /Gd /TP /analyze- /errorReport:prompt SaxReader.cpp
  SaxReader.cpp
Lib:
  C:\Program Files (x86)\Microsoft Visual Studio 10.0\VC\bin\Lib.exe /OUT:"K:\Sandbox\DDOCP\Output\XmlLib.lib" /NOLOGO .\Release\SaxAttributes.obj
  .\Release\SaxAttributesImpl.obj
  .\Release\SaxContentElement.obj
  .\Release\SAXContentHandlerImpl.obj
  .\Release\SAXDTDHandlerImpl.obj
  .\Release\SAXErrorHandlerImpl.obj
  .\Release\SaxReader.obj
  .\Release\SaxString.obj
  .\Release\SaxWriter.obj
  .\Release\StdAfx.obj
  .\Release\VectorConversion.obj
  XmlLib.vcxproj -> K:\Sandbox\DDOCP\Output\XmlLib.lib
FinalizeBuildStatus:
  Deleting file ".\Release\XmlLib.unsuccessfulbuild".
  Touching ".\Release\XmlLib.lastbuildstate".
Done Building Project "K:\Sandbox\DDOCP\XmlLib\Src\XmlLib.vcxproj" (build target(s)).

Build succeeded.

Time Elapsed 00:00:02.63
