K:\SANDBOX\DDOCP\OUTPUT\XMLLIB.LIB
K:\Sandbox\DDOCP\XmlLib\Src\Release\cl.command.1.tlog
K:\Sandbox\DDOCP\XmlLib\Src\Release\CL.read.1.tlog
K:\Sandbox\DDOCP\XmlLib\Src\Release\CL.write.1.tlog
K:\Sandbox\DDOCP\XmlLib\Src\Release\lib.command.1.tlog
K:\Sandbox\DDOCP\XmlLib\Src\Release\Lib-link.read.1.tlog
K:\Sandbox\DDOCP\XmlLib\Src\Release\Lib-link.write.1.tlog
K:\Sandbox\DDOCP\XmlLib\Src\Release\msxml3.tlh
K:\Sandbox\DDOCP\XmlLib\Src\Release\msxml3.tli
K:\SANDBOX\DDOCP\XMLLIB\SRC\RELEASE\SAXATTRIBUTES.OBJ
K:\SANDBOX\DDOCP\XMLLIB\SRC\RELEASE\SAXATTRIBUTESIMPL.OBJ
K:\SANDBOX\DDOCP\XMLLIB\SRC\RELEASE\SAXCONTENTELEMENT.OBJ
K:\SANDBOX\DDOCP\XMLLIB\SRC\RELEASE\SAXCONTENTHANDLERIMPL.OBJ
K:\SANDBOX\DDOCP\XMLLIB\SRC\RELEASE\SAXDTDHANDLERIMPL.OBJ
K:\SANDBOX\DDOCP\XMLLIB\SRC\RELEASE\SAXERRORHANDLERIMPL.OBJ
K:\SANDBOX\DDOCP\XMLLIB\SRC\RELEASE\SAXREADER.OBJ
K:\SANDBOX\DDOCP\XMLLIB\SRC\RELEASE\SAXSTRING.OBJ
K:\SANDBOX\DDOCP\XMLLIB\SRC\RELEASE\SAXWRITER.OBJ
K:\SANDBOX\DDOCP\XMLLIB\SRC\RELEASE\STDAFX.OBJ
K:\SANDBOX\DDOCP\XMLLIB\SRC\RELEASE\VC100.PDB
K:\SANDBOX\DDOCP\XMLLIB\SRC\RELEASE\VECTORCONVERSION.OBJ
K:\SANDBOX\DDOCP\XMLLIB\SRC\RELEASE\XMLLIB.PCH
K:\Sandbox\DDOCP\XmlLib\Src\Release\XmlLib.write.1.tlog
